
> ivf-client@0.0.0 build
> ng build

[33mÎ“Â¥Â»[39m Building...
[32mÎ“Â£Ã¶[39m Building...
Application bundle generation failed. [3.557 seconds] - 2026-02-07T01:06:52.658Z

X [ERROR] TS2339: Property 'showDialog' does not exist on type 'LabCryoComponent'. [plugin angular-compiler]

    src/app/features/lab/lab-dashboard/components/lab-cryo/lab-cryo.component.html:35:5:
      35 Î“Ã¶Ã© @if (showDialog) {
         Î“Ã²â•¡      ~~~~~~~~~~

  Error occurs in the template of component LabCryoComponent.

    src/app/features/lab/lab-dashboard/components/lab-cryo/lab-cryo.component.ts:10:15:
      10 Î“Ã¶Ã©   templateUrl: './lab-cryo.component.html',
         Î“Ã²â•¡                ~~~~~~~~~~~~~~~~~~~~~~~~~~~


X [ERROR] NG8001: 'app-cryo-dialog' is not a known element:
1. If 'app-cryo-dialog' is an Angular component, then verify that it is included in the '@Component.imports' of this component.
2. If 'app-cryo-dialog' is a Web Component then add 'CUSTOM_ELEMENTS_SCHEMA' to the '@Component.schemas' of this component to suppress this message. [plugin angular-compiler]

    src/app/features/lab/lab-dashboard/components/lab-cryo/lab-cryo.component.html:36:0:
      36 Î“Ã¶Ã© <app-cryo-dialog (save)="onSave($event)" (cancel)="onCancel()">
         Î“Ã²â•¡ ~~~~~~~~~~~~~~~~~~~~~~~~~~~~~~~~~~~~~~~~~~~~~~~~~~~~~~~~~~~~~~~

  Error occurs in the template of component LabCryoComponent.

    src/app/features/lab/lab-dashboard/components/lab-cryo/lab-cryo.component.ts:10:15:
      10 Î“Ã¶Ã©   templateUrl: './lab-cryo.component.html',
         Î“Ã²â•¡                ~~~~~~~~~~~~~~~~~~~~~~~~~~~


X [ERROR] TS2339: Property 'onSave' does not exist on type 'LabCryoComponent'. [plugin angular-compiler]

    src/app/features/lab/lab-dashboard/components/lab-cryo/lab-cryo.component.html:36:25:
      36 Î“Ã¶Ã© <app-cryo-dialog (save)="onSave($event)" (cancel)="onCancel()">
         Î“Ã²â•¡                          ~~~~~~

  Error occurs in the template of component LabCryoComponent.

    src/app/features/lab/lab-dashboard/components/lab-cryo/lab-cryo.component.ts:10:15:
      10 Î“Ã¶Ã©   templateUrl: './lab-cryo.component.html',
         Î“Ã²â•¡                ~~~~~~~~~~~~~~~~~~~~~~~~~~~


X [ERROR] TS2339: Property 'onCancel' does not exist on type 'LabCryoComponent'. [plugin angular-compiler]

    src/app/features/lab/lab-dashboard/components/lab-cryo/lab-cryo.component.html:36:51:
      36 Î“Ã¶Ã© <app-cryo-dialog (save)="onSave($event)" (cancel)="onCancel()">
         Î“Ã²â•¡                                                    ~~~~~~~~

  Error occurs in the template of component LabCryoComponent.

    src/app/features/lab/lab-dashboard/components/lab-cryo/lab-cryo.component.ts:10:15:
      10 Î“Ã¶Ã©   templateUrl: './lab-cryo.component.html',
         Î“Ã²â•¡                ~~~~~~~~~~~~~~~~~~~~~~~~~~~


X [ERROR] TS2307: Cannot find module '../lab-dashboard.models' or its corresponding type declarations. [plugin angular-compiler]

    src/app/features/lab/lab-dashboard/components/lab-cryo/lab-cryo.component.ts:4:39:
      4 Î“Ã¶Ã© import { CryoLocation, LabStats } from '../lab-dashboard.models';
        Î“Ã²â•¡                                        ~~~~~~~~~~~~~~~~~~~~~~~~~


X [ERROR] TS2307: Cannot find module '../lab-dashboard.models' or its corresponding type declarations. [plugin angular-compiler]

    src/app/features/lab/lab-dashboard/components/lab-queue/lab-queue.component.ts:3:26:
      3 Î“Ã¶Ã© import { QueueItem } from '../lab-dashboard.models';
        Î“Ã²â•¡                           ~~~~~~~~~~~~~~~~~~~~~~~~~


